<?xml version="1.0" encoding="UTF-8"?>
<!-- Generated by org.testng.reporters.JUnitReportReporter -->
<testsuite hostname="LAPTOP-9U7R92R0" failures="0" tests="2" name="seleniumjava2.TestNgumjava2.TestNg.secondTest" time="0.010" errors="0" timestamp="2021-02-18T00:51:24 EST" skipped="0">
  <testcase classname="seleniumjava2.TestNgumjava2.TestNg.secondTest" name="loginTest" time="0.009"/>
  <system-out/>
  <testcase classname="seleniumjava2.TestNgumjava2.TestNg.secondTest" name="otherTest" time="0.001"/>
  <system-out/>
</testsuite> <!-- seleniumjava2.TestNgumjava2.TestNg.secondTest -->
